
> jarvis-hybrid@2.0.0 dev
> concurrently "npm run dev:react" "npm run dev:electron"

[1] 
[1] > jarvis-hybrid@2.0.0 dev:electron
[1] > wait-on http://localhost:5173 && electron .
[1] 
[0] 
[0] > jarvis-hybrid@2.0.0 dev:react
[0] > vite
[0] 
[0] Port 5173 is in use, trying another one...
[0] Port 5174 is in use, trying another one...
[0] Port 5175 is in use, trying another one...
[0] Port 5176 is in use, trying another one...
[0] 
[0]   [32m[1mVITE[22m v6.4.3[39m  [2mready in [0m[1m1017[22m[2m[0m ms[22m
[0] 
[0]   [32m➜[39m  [1mLocal[22m:   [36mhttp://localhost:[1m5177[22m/[39m
[0] [2m  [32m➜[39m  [1mNetwork[22m[2m: use [22m[1m--host[22m[2m to expose[22m
[1] C:\Users\Zamzam Laptops\Desktop\jarvas agents\JARVIS-HYBRID-main\desktop-app\electron\main.js:24
[1] const logDir = path.join(app.getPath('userData'), 'logs');
[1]                              ^
[1] 
[1] TypeError: Cannot read properties of undefined (reading 'getPath')
[1]     at Object.<anonymous> (C:\Users\Zamzam Laptops\Desktop\jarvas agents\JARVIS-HYBRID-main\desktop-app\electron\main.js:24:30)
[1]     at Module._compile (node:internal/modules/cjs/loader:1544:14)
[1]     at Module._extensions..js (node:internal/modules/cjs/loader:1629:10)
[1]     at Module.load (node:internal/modules/cjs/loader:1282:32)
[1]     at Module._load (node:internal/modules/cjs/loader:1103:12)
[1]     at c._load (node:electron/js2c/node_init:2:16955)
[1]     at Function.executeUserEntryPoint [as runMain] (node:internal/modules/run_main:179:12)
[1]     at node:internal/main/run_main_module:28:49
[1] 
[1] Node.js v20.19.1
[1] npm run dev:electron exited with code 1
[0] ^C
[0] npm run dev:react exited with code 3221225786
